[debug] [2022-12-24T09:28:02.406Z] ----------------------------------------------------------------------
[debug] [2022-12-24T09:28:02.408Z] Command:       C:\Program Files\nodejs\node.exe C:\Users\happy\AppData\Roaming\npm\node_modules\firebase-tools\lib\bin\firebase.js deploy
[debug] [2022-12-24T09:28:02.408Z] CLI Version:   11.10.0
[debug] [2022-12-24T09:28:02.408Z] Platform:      win32
[debug] [2022-12-24T09:28:02.408Z] Node Version:  v16.18.0
[debug] [2022-12-24T09:28:02.411Z] Time:          Sat Dec 24 2022 11:28:02 GMT+0200 (Восточная Европа, стандартное время)
[debug] [2022-12-24T09:28:02.411Z] ----------------------------------------------------------------------
[debug] 
[debug] [2022-12-24T09:28:02.414Z] >>> [apiv2][query] GET https://firebase-public.firebaseio.com/cli.json [none]
[debug] [2022-12-24T09:28:02.509Z] > command requires scopes: ["email","openid","https://www.googleapis.com/auth/cloudplatformprojects.readonly","https://www.googleapis.com/auth/firebase","https://www.googleapis.com/auth/cloud-platform"]
[debug] [2022-12-24T09:28:02.510Z] > authorizing via signed-in user (sviat20sviatgaming.akk@gmail.com)
[debug] [2022-12-24T09:28:02.510Z] [iam] checking project user-management-test-67ee8 for permissions ["firebase.projects.get","firebasehosting.sites.update"]
[debug] [2022-12-24T09:28:02.511Z] > refreshing access token with scopes: []
[debug] [2022-12-24T09:28:02.512Z] >>> [apiv2][query] POST https://www.googleapis.com/oauth2/v3/token [none]
[debug] [2022-12-24T09:28:02.512Z] >>> [apiv2][body] POST https://www.googleapis.com/oauth2/v3/token [omitted]
[debug] [2022-12-24T09:28:02.796Z] <<< [apiv2][status] POST https://www.googleapis.com/oauth2/v3/token 200
[debug] [2022-12-24T09:28:02.796Z] <<< [apiv2][body] POST https://www.googleapis.com/oauth2/v3/token [omitted]
[debug] [2022-12-24T09:28:02.808Z] >>> [apiv2][query] POST https://cloudresourcemanager.googleapis.com/v1/projects/user-management-test-67ee8:testIamPermissions [none]
[debug] [2022-12-24T09:28:02.809Z] >>> [apiv2][(partial)header] POST https://cloudresourcemanager.googleapis.com/v1/projects/user-management-test-67ee8:testIamPermissions x-goog-quota-user=projects/user-management-test-67ee8
[debug] [2022-12-24T09:28:02.809Z] >>> [apiv2][body] POST https://cloudresourcemanager.googleapis.com/v1/projects/user-management-test-67ee8:testIamPermissions {"permissions":["firebase.projects.get","firebasehosting.sites.update"]}
[debug] [2022-12-24T09:28:02.914Z] <<< [apiv2][status] GET https://firebase-public.firebaseio.com/cli.json 200
[debug] [2022-12-24T09:28:02.914Z] <<< [apiv2][body] GET https://firebase-public.firebaseio.com/cli.json {"cloudBuildErrorAfter":1594252800000,"cloudBuildWarnAfter":1590019200000,"defaultNode10After":1594252800000,"minVersion":"3.0.5","node8DeploysDisabledAfter":1613390400000,"node8RuntimeDisabledAfter":1615809600000,"node8WarnAfter":1600128000000}
[debug] [2022-12-24T09:28:03.925Z] <<< [apiv2][status] POST https://cloudresourcemanager.googleapis.com/v1/projects/user-management-test-67ee8:testIamPermissions 200
[debug] [2022-12-24T09:28:03.925Z] <<< [apiv2][body] POST https://cloudresourcemanager.googleapis.com/v1/projects/user-management-test-67ee8:testIamPermissions {}
[debug] [2022-12-24T09:28:03.925Z] [iam] error while checking permissions, command may fail: FirebaseError: Authorization failed. This account is missing the following required permissions on project user-management-test-67ee8:

  firebase.projects.get
  firebasehosting.sites.update
[debug] [2022-12-24T09:28:03.926Z] >>> [apiv2][query] GET https://firebase.googleapis.com/v1beta1/projects/user-management-test-67ee8 [none]
[debug] [2022-12-24T09:28:04.363Z] <<< [apiv2][status] GET https://firebase.googleapis.com/v1beta1/projects/user-management-test-67ee8 403
[debug] [2022-12-24T09:28:04.364Z] <<< [apiv2][body] GET https://firebase.googleapis.com/v1beta1/projects/user-management-test-67ee8 {"error":{"code":403,"message":"The caller does not have permission","status":"PERMISSION_DENIED"}}
[debug] [2022-12-24T09:28:04.366Z] HTTP Error: 403, The caller does not have permission
[debug] [2022-12-24T09:28:04.546Z] FirebaseError: HTTP Error: 403, The caller does not have permission
    at responseToError (C:\Users\happy\AppData\Roaming\npm\node_modules\firebase-tools\lib\responseToError.js:49:12)
    at RetryOperation._fn (C:\Users\happy\AppData\Roaming\npm\node_modules\firebase-tools\lib\apiv2.js:288:77)
    at processTicksAndRejections (node:internal/process/task_queues:96:5)
[error] 
[error] Error: Failed to get Firebase project user-management-test-67ee8. Please make sure the project exists and your account has permission to access it.
